<?xml version="1.0" encoding="UTF-8"?>
<Site BuildName="(empty)"
	BuildStamp="20240408-0751-Experimental"
	Name="(empty)"
	Generator="ctest-3.13.4"
	CompilerName=""
	CompilerVersion=""
	OSName="Linux"
	Hostname="localhost"
	OSRelease="5.4.0-aidlite"
	OSVersion="#1 SMP PREEMPT Wed Jan 17 13:15:58 CST 2024"
	OSPlatform="aarch64"
	Is64Bits="1"
	VendorString=""
	VendorID="Unknown Manufacturer"
	FamilyID="8"
	ModelID="0"
	ProcessorCacheSize="0"
	NumberOfLogicalCPU="8"
	NumberOfPhysicalCPU="1"
	TotalVirtualMemory="11573"
	TotalPhysicalMemory="11608"
	LogicalProcessorsPerPhysical="8"
	ProcessorClockFrequency="0"
	>
	<Testing>
		<StartDateTime>Apr 08 07:51 UTC</StartDateTime>
		<StartTestTime>1712562696</StartTestTime>
		<TestList/>
		<EndDateTime>Apr 08 07:51 UTC</EndDateTime>
		<EndTestTime>1712562696</EndTestTime>
		<ElapsedMinutes>0</ElapsedMinutes>
	</Testing>
</Site>
